[0mGET / [36m304[0m 465.183 ms - -[0m
[0mGET /tour/the-forest-hiker [36m304[0m 377.041 ms - -[0m
[0mGET /tour/the-star-gazer [32m200[0m 382.173 ms - -[0m
[0mGET /tour/the-star-gazer [36m304[0m 266.618 ms - -[0m
[0mGET /tour/the-star-gazer [36m304[0m 258.852 ms - -[0m
[0mGET / [36m304[0m 342.893 ms - -[0m
[0mGET /tour/the-sports-lover [32m200[0m 343.441 ms - -[0m
[0mGET / [36m304[0m 230.322 ms - -[0m
[0mGET /tour/the-northern-lights [36m304[0m 260.663 ms - -[0m
[0mGET / [36m304[0m 241.513 ms - -[0m
[0mGET /tour/the-sea-explorer [32m200[0m 251.703 ms - -[0m
[0mGET /tour/the-city-wanderer [32m200[0m 268.880 ms - -[0m
[0mGET / [36m304[0m 220.835 ms - -[0m
[0mGET /tour/the-snow-adventurer [32m200[0m 230.044 ms - -[0m
[0mGET /login [36m304[0m 59.322 ms - -[0m
[0mGET / [36m304[0m 245.784 ms - -[0m
[0mGET /tour/the-northern-lights [36m304[0m 274.944 ms - -[0m
[0mGET / [36m304[0m 238.640 ms - -[0m
[0mGET /tour/the-sea-explorer [36m304[0m 229.139 ms - -[0m
[0mGET / [36m304[0m 222.045 ms - -[0m
[0mGET /tour/the-sports-lover [36m304[0m 271.432 ms - -[0m
[0mGET /tour/the-sea-explorer [36m304[0m 240.725 ms - -[0m
